
TINY COMPILATION: ../example/blockk.cm
1: void main(void) {
	1: reserved word: void
	1: ID, name= main
	1: (
	1: reserved word: void
	1: )
	1: {
2:     int x;
	2: reserved word: int
	2: ID, name= x
	2: ;
3:     {
	3: {
4:         int y;
	4: reserved word: int
	4: ID, name= y
	4: ;
5:         y = 1;
	5: ID, name= y
	5: =
	5: NUM, val= 1
	5: ;
6:     }
	6: }
7: }
	7: }
	7: EOF

Syntax tree:
Declare function (return type "void"): main
        Declare int var: x
        Declare int var: y
    Assign to var: y
        Const: 1

Building Symbol Table...

Symbol table:

Variable Name  Scope     ID Type  Data Type  Line Numbers
-------------  --------  -------  ---------  -------------------------
main                     fun      void        1 
input                    fun      int        
output                   fun      void       
x              main      var      int         2 
y              compound1 var      int         4  5 

Checking Types...

Type Checking Finished
* TINY Compilation to TM Code
* Standard prelude:
  0:     LD  6,0(0) 	load maxaddress from location 0
  1:     LD  2,0(0) 	load maxaddress from location 0
  2:     ST  0,0(0) 	clear location 0
* End of standard prelude.
* -> Init Function (main)
  3:    LDA  7,0(7) 	jump to main
* -> declare var
* <- declare var
* -> declare var
* <- declare var
* -> assign
* -> Const
  4:    LDC  0,1(0) 	load const
* <- Const
  5:     ST  0,-3(2) 	assign: store value
* <- assign
* <- End Function
* End of execution.
  6:   HALT  0,0,0 	
