
TINY COMPILATION: ../example/globalvar.cm
1: int x;
	1: reserved word: int
	1: ID, name= x
	1: ;
2: void main(void) {
	2: reserved word: void
	2: ID, name= main
	2: (
	2: reserved word: void
	2: )
	2: {
3:     x = 5;
	3: ID, name= x
	3: =
	3: NUM, val= 5
	3: ;
4: }
	4: }
	4: EOF

Syntax tree:
Declare int var: x
Declare function (return type "void"): main
        Assign to var: x
        Const: 5

Building Symbol Table...

Symbol table:

Variable Name  Scope     ID Type  Data Type  Line Numbers
-------------  --------  -------  ---------  -------------------------
main                     fun      void        2 
input                    fun      int        
output                   fun      void       
x                        var      int         1  3 

Checking Types...

Type Checking Finished
* TINY Compilation to TM Code
* Standard prelude:
  0:     LD  6,0(0) 	load maxaddress from location 0
  1:     LD  2,0(0) 	load maxaddress from location 0
  2:     ST  0,0(0) 	clear location 0
* End of standard prelude.
* -> declare var
* <- declare var
* -> Init Function (main)
  3:    LDA  7,0(7) 	jump to main
* -> assign
* -> Const
  4:    LDC  0,5(0) 	load const
* <- Const
  5:     ST  0,-1023(2) 	assign: store value
* <- assign
* <- End Function
* End of execution.
  6:   HALT  0,0,0 	
