
TINY COMPILATION: ../example/output.cm
1: void main(void) {
	1: reserved word: void
	1: ID, name= main
	1: (
	1: reserved word: void
	1: )
	1: {
2:     output(42);
	2: ID, name= output
	2: (
	2: NUM, val= 42
	2: )
	2: ;
3: }
	3: }
	3: EOF

Syntax tree:
Declare function (return type "void"): main
        Function call: output
        Const: 42

Building Symbol Table...

Symbol table:

Variable Name  Scope     ID Type  Data Type  Line Numbers
-------------  --------  -------  ---------  -------------------------
main                     fun      void        1 
input                    fun      int        
output                   fun      void        2 

Checking Types...

Type Checking Finished
* TINY Compilation to TM Code
* Standard prelude:
  0:     LD  6,0(0) 	load maxaddress from location 0
  1:     LD  2,0(0) 	load maxaddress from location 0
  2:     ST  0,0(0) 	clear location 0
* End of standard prelude.
* -> Init Function (main)
  3:    LDA  7,0(7) 	jump to main
* -> Function Call (output)
* -> Const
  4:    LDC  0,42(0) 	load const
* <- Const
  5:    OUT  0,0,0 	print value
* <- End Function
* End of execution.
  6:   HALT  0,0,0 	
